Running 'gradlew :app:assembleDebug' in /home/expo/workingdir/build/client/android
Downloading https://services.gradle.org/distributions/gradle-8.14.3-all.zip
10%
20%.
30%.
40%.
50%.
60%.
70%.
80%.
90%.
100%
Welcome to Gradle 8.14.3!
Here are the highlights of this release:
 - Java 24 support
- GraalVM Native Image toolchain selection
- Enhancements to test reporting
 - Build Authoring improvements
For more details see https://docs.gradle.org/8.14.3/release-notes.html
To honour the JVM settings for this build a single-use Daemon process will be forked. For more on this, please refer to https://docs.gradle.org/8.14.3/userguide/gradle_daemon.html#sec:disabling_the_daemon in the Gradle documentation.
Daemon will be stopped at the end of the build
> Configure project :app
WARNING: Using flatDir should be avoided because it doesn't support any meta-data formats.
> Configure project :capacitor-cordova-android-plugins
WARNING: Using flatDir should be avoided because it doesn't support any meta-data formats.
Warning: SDK processing. This version only understands SDK XML versions up to 3 but an SDK XML file of version 4 was encountered. This can happen if you use versions of Android Studio and the command-line tools that were released at different times.
package.xml parsing problem. unexpected element (uri:"", local:"abis"). Expected elements are <{}vendor>,<{}codename>,<{}base-extension>,<{}abi>,<{}api-level>,<{}extension-level>,<{}tag>
package.xml parsing problem. unexpected element (uri:"", local:"abis"). Expected elements are <{}vendor>,<{}codename>,<{}base-extension>,<{}abi>,<{}api-level>,<{}extension-level>,<{}tag>
package.xml parsing problem. unexpected element (uri:"", local:"abis"). Expected elements are <{}vendor>,<{}codename>,<{}base-extension>,<{}abi>,<{}api-level>,<{}extension-level>,<{}tag>
package.xml parsing problem. unexpected element (uri:"", local:"abis"). Expected elements are <{}vendor>,<{}codename>,<{}base-extension>,<{}abi>,<{}api-level>,<{}extension-level>,<{}tag>
package.xml parsing problem. unexpected element (uri:"", local:"abis"). Expected elements are <{}vendor>,<{}codename>,<{}base-extension>,<{}abi>,<{}api-level>,<{}extension-level>,<{}tag>
package.xml parsing problem. unexpected element (uri:"", local:"abis"). Expected elements are <{}vendor>,<{}codename>,<{}base-extension>,<{}abi>,<{}api-level>,<{}extension-level>,<{}tag>
package.xml parsing problem. unexpected element (uri:"", local:"abis"). Expected elements are <{}vendor>,<{}codename>,<{}base-extension>,<{}abi>,<{}api-level>,<{}extension-level>,<{}tag>
package.xml parsing problem. unexpected element (uri:"", local:"abis"). Expected elements are <{}vendor>,<{}codename>,<{}base-extension>,<{}abi>,<{}api-level>,<{}extension-level>,<{}tag>
package.xml parsing problem. unexpected element (uri:"", local:"abis"). Expected elements are <{}vendor>,<{}codename>,<{}base-extension>,<{}abi>,<{}api-level>,<{}extension-level>,<{}tag>
package.xml parsing problem. Errors limit exceeded. To receive all errors set com.sun.xml.bind logger to FINEST level.
package.xml parsing problem. unexpected element (uri:"", local:"abis"). Expected elements are <{}vendor>,<{}codename>,<{}base-extension>,<{}abi>,<{}api-level>,<{}extension-level>,<{}tag>
Checking the license for package Android SDK Build-Tools 34 in /home/expo/Android/Sdk/licenses
License for package Android SDK Build-Tools 34 accepted.
Preparing "Install Android SDK Build-Tools 34 v.34.0.0".
"Install Android SDK Build-Tools 34 v.34.0.0" ready.
Installing Android SDK Build-Tools 34 in /home/expo/Android/Sdk/build-tools/34.0.0
"Install Android SDK Build-Tools 34 v.34.0.0" complete.
"Install Android SDK Build-Tools 34 v.34.0.0" finished.
> Task :capacitor-cordova-android-plugins:preBuild UP-TO-DATE
> Task :capacitor-android:preBuild
UP-TO-DATE
> Task :app:preBuild UP-TO-DATE
> Task :app:preDebugBuild UP-TO-DATE
> Task :capacitor-android:preDebugBuild UP-TO-DATE
> Task :capacitor-cordova-android-plugins:preDebugBuild UP-TO-DATE
> Task :app:mergeDebugNativeDebugMetadata NO-SOURCE
> Task :capacitor-android:generateDebugResValues
> Task :app:javaPreCompileDebug
> Task :capacitor-android:generateDebugResources
> Task :capacitor-cordova-android-plugins:generateDebugResValues
> Task :capacitor-cordova-android-plugins:generateDebugResources
> Task :app:generateDebugResValues
> Task :app:generateDebugResources
> Task :capacitor-android:writeDebugAarMetadata
> Task :capacitor-cordova-android-plugins:writeDebugAarMetadata
> Task :capacitor-cordova-android-plugins:packageDebugResources
> Task :capacitor-cordova-android-plugins:extractDeepLinksDebug
> Task :capacitor-android:packageDebugResources
> Task :app:packageDebugResources
> Task :capacitor-android:extractDeepLinksDebug
> Task :capacitor-android:processDebugManifest
> Task :capacitor-cordova-android-plugins:processDebugManifest
> Task :capacitor-cordova-android-plugins:compileDebugLibraryResources
> Task :capacitor-android:compileDebugLibraryResources
> Task :capacitor-android:javaPreCompileDebug
> Task :capacitor-android:mergeDebugShaders
> Task :capacitor-android:compileDebugShaders NO-SOURCE
> Task :capacitor-android:generateDebugAssets UP-TO-DATE
> Task :capacitor-cordova-android-plugins:javaPreCompileDebug
> Task :capacitor-android:packageDebugAssets
> Task :capacitor-android:processDebugJavaRes NO-SOURCE
> Task :capacitor-cordova-android-plugins:mergeDebugShaders
> Task :capacitor-cordova-android-plugins:compileDebugShaders NO-SOURCE
> Task :capacitor-cordova-android-plugins:generateDebugAssets UP-TO-DATE
> Task :capacitor-android:mergeDebugJniLibFolders
> Task :capacitor-cordova-android-plugins:parseDebugLocalResources
> Task :capacitor-android:mergeDebugNativeLibs NO-SOURCE
> Task :capacitor-android:copyDebugJniLibsProjectOnly
> Task :capacitor-android:parseDebugLocalResources
> Task :capacitor-android:generateDebugRFile
> Task :capacitor-cordova-android-plugins:packageDebugAssets
> Task :capacitor-cordova-android-plugins:processDebugJavaRes NO-SOURCE
> Task :capacitor-cordova-android-plugins:mergeDebugJniLibFolders
> Task :capacitor-cordova-android-plugins:generateDebugRFile
> Task :capacitor-cordova-android-plugins:compileDebugJavaWithJavac NO-SOURCE
> Task :capacitor-cordova-android-plugins:mergeDebugNativeLibs NO-SOURCE
> Task :capacitor-cordova-android-plugins:bundleLibRuntimeToDirDebug
> Task :capacitor-cordova-android-plugins:copyDebugJniLibsProjectOnly
> Task :app:checkDebugAarMetadata
> Task :capacitor-cordova-android-plugins:bundleLibRuntimeToJarDebug
> Task :capacitor-cordova-android-plugins:bundleLibCompileToJarDebug
> Task :app:mapDebugSourceSetPaths
> Task :app:createDebugCompatibleScreenManifests
> Task :app:extractDeepLinksDebug
> Task :app:parseDebugLocalResources
> Task :app:processDebugMainManifest
> Task :app:mergeDebugResources
> Task :app:processDebugManifest
> Task :app:mergeDebugShaders
> Task :app:compileDebugShaders NO-SOURCE
> Task :app:generateDebugAssets UP-TO-DATE
> Task :app:mergeDebugAssets
> Task :app:desugarDebugFileDependencies
> Task :app:processDebugJavaRes NO-SOURCE
> Task :app:compressDebugAssets
> Task :app:mergeDebugJniLibFolders
> Task :app:checkDebugDuplicateClasses
> Task :app:mergeDebugNativeLibs NO-SOURCE
> Task :app:mergeDebugJavaResource
> Task :capacitor-android:compileDebugJavaWithJavac
/home/expo/workingdir/build/client/node_modules/@capacitor/android/capacitor/src/main/java/com/getcapacitor/plugin/SystemBars.java:150: error: cannot find symbol
        if (Build.VERSION.SDK_INT >= Build.VERSION_CODES.VANILLA_ICE_CREAM && insetHandlingEnabled) {
                                                        ^
  symbol:   variable VANILLA_ICE_CREAM
  location: class VERSION_CODES
/home/expo/workingdir/build/client/node_modules/@capacitor/android/capacitor/src/main/java/com/getcapacitor/plugin/SystemBars.java:161: error: cannot find symbol
if (Build.VERSION.SDK_INT >= Build.VERSION_CODES.VANILLA_ICE_CREAM && insetHandlingEnabled) {
                                                        ^
  symbol:   variable VANILLA_ICE_CREAM
  location: class VERSION_CODES
Note: Some input files use unchecked or unsafe operations.
Note: Recompile with -Xlint:unchecked for details.
2 errors
> Task :capacitor-android:compileDebugJavaWithJavac FAILED
> Task :app:processDebugManifestForPackage
> Task :app:mergeExtDexDebug
[Incubating] Problems report is available at: file:///home/expo/workingdir/build/client/android/build/reports/problems/problems-report.html
FAILURE: Build failed with an exception.
* What went wrong:
Execution failed for task ':capacitor-android:compileDebugJavaWithJavac'.
> Compilation failed; see the compiler output below.
  /home/expo/workingdir/build/client/node_modules/@capacitor/android/capacitor/src/main/java/com/getcapacitor/plugin/SystemBars.java:150: error: cannot find symbol
          if (Build.VERSION.SDK_INT >= Build.VERSION_CODES.VANILLA_ICE_CREAM && insetHandlingEnabled) {
                                                          ^
    symbol:   variable VANILLA_ICE_CREAM
    location: class VERSION_CODES
  /home/expo/workingdir/build/client/node_modules/@capacitor/android/capacitor/src/main/java/com/getcapacitor/plugin/SystemBars.java:161: error: cannot find symbol
          if (Build.VERSION.SDK_INT >= Build.VERSION_CODES.VANILLA_ICE_CREAM && insetHandlingEnabled) {
                                                          ^
    symbol:   variable VANILLA_ICE_CREAM
    location: class VERSION_CODES
  Note: Recompile with -Xlint:unchecked for details.
  Note: Some input files use unchecked or unsafe operations.
  2 errors
* Try:
> Check your code and dependencies to fix the compilation error(s)
> Run with --scan to get full insights.
BUILD FAILED in 39s
Deprecated Gradle features were used in this build, making it incompatible with Gradle 9.0.
You can use '--warning-mode all' to show the individual deprecation warnings and determine if they come from your own scripts or plugins.
For more on this, please refer to https://docs.gradle.org/8.14.3/userguide/command_line_interface.html#sec:command_line_warnings in the Gradle documentation.
50 actionable tasks: 50 executed
Error: Gradle build failed with unknown error. See logs for the "Run gradlew" phase for more information.